#
# There is insufficient memory for the Java Runtime Environment to continue.
# Native memory allocation (mmap) failed to map 197132288 bytes for G1 virtual space
# Possible reasons:
#   The system is out of physical RAM or swap space
#   The process is running with CompressedOops enabled, and the Java Heap may be blocking the growth of the native heap
# Possible solutions:
#   Reduce memory load on the system
#   Increase physical memory or swap space
#   Check if swap backing store is full
#   Decrease Java heap size (-Xmx/-Xms)
#   Decrease number of Java threads
#   Decrease Java thread stack sizes (-Xss)
#   Set larger code cache with -XX:ReservedCodeCacheSize=
#   JVM is running with Zero Based Compressed Oops mode in which the Java heap is
#     placed in the first 32GB address space. The Java Heap base address is the
#     maximum limit for the native heap growth. Please use -XX:HeapBaseMinAddress
#     to set the Java Heap base and to place the Java Heap above 32GB virtual address.
# This output file may be truncated or incomplete.
#
#  Out of Memory Error (os_windows.cpp:3825), pid=23924, tid=3972
#
# JRE version:  (17.0.9) (build )
# Java VM: OpenJDK 64-Bit Server VM (17.0.9+0--11185874, mixed mode, sharing, tiered, compressed oops, compressed class ptrs, g1 gc, windows-amd64)
# No core dump will be written. Minidumps are not enabled by default on client versions of Windows
#

---------------  S U M M A R Y ------------

Command Line: git4idea.http.GitAskPassApp Username for 'https://github.com': 

Host: 11th Gen Intel(R) Core(TM) i7-1165G7 @ 2.80GHz, 8 cores, 11G,  Windows 11 , 64 bit Build 22621 (10.0.22621.3374)
Time: Sun May 12 02:04:53 2024 Pakistan Standard Time elapsed time: 0.014945 seconds (0d 0h 0m 0s)

---------------  T H R E A D  ---------------

Current thread (0x0000015a1643f620):  JavaThread "Unknown thread" [_thread_in_vm, id=3972, stack(0x0000004bca800000,0x0000004bca900000)]

Stack: [0x0000004bca800000,0x0000004bca900000]
Native frames: (J=compiled Java code, j=interpreted, Vv=VM code, C=native code)
V  [jvm.dll+0x6886e9]
V  [jvm.dll+0x841e4a]
V  [jvm.dll+0x843a8e]
V  [jvm.dll+0x8440f3]
V  [jvm.dll+0x24c14f]
V  [jvm.dll+0x685499]
V  [jvm.dll+0x679c2a]
V  [jvm.dll+0x30cf9b]
V  [jvm.dll+0x314446]
V  [jvm.dll+0x36425e]
V  [jvm.dll+0x36448f]
V  [jvm.dll+0x2e2d68]
V  [jvm.dll+0x2e3cd4]
V  [jvm.dll+0x8129f1]
V  [jvm.dll+0x3720c1]
V  [jvm.dll+0x7f152c]
V  [jvm.dll+0x3f5d4f]
V  [jvm.dll+0x3f7981]
C  [jli.dll+0x528f]
C  [ucrtbase.dll+0x29333]
C  [KERNEL32.DLL+0x1257d]
C  [ntdll.dll+0x5aa48]


---------------  P R O C E S S  ---------------

Threads class SMR info:
_java_thread_list=0x00007ffd86c3ef18, length=0, elements={
}

Java Threads: ( => current thread )

Other Threads:
  0x0000015a16497410 GCTaskThread "GC Thread#0" [stack: 0x0000004bca900000,0x0000004bcaa00000] [id=10736]
  0x0000015a164a3f20 ConcurrentGCThread "G1 Main Marker" [stack: 0x0000004bcaa00000,0x0000004bcab00000] [id=17772]
  0x0000015a164a5950 ConcurrentGCThread "G1 Conc#0" [stack: 0x0000004bcab00000,0x0000004bcac00000] [id=21424]

[error occurred during error reporting (printing all threads), id 0xc0000005, EXCEPTION_ACCESS_VIOLATION (0xc0000005) at pc=0x00007ffd863f3937]

VM state: not at safepoint (not fully initialized)

VM Mutex/Monitor currently owned by a thread:  ([mutex/lock_event])
[0x0000015a1643b9d0] Heap_lock - owner thread: 0x0000015a1643f620

Heap address: 0x0000000744400000, size: 3004 MB, Compressed Oops mode: Zero based, Oop shift amount: 3

CDS archive(s) mapped at: [0x0000000000000000-0x0000000000000000-0x0000000000000000), size 0, SharedBaseAddress: 0x0000000800000000, ArchiveRelocationMode: 1.
Narrow klass base: 0x0000000000000000, Narrow klass shift: 0, Narrow klass range: 0x0

GC Precious Log:
<Empty>

Heap:
 garbage-first heap   total 0K, used 0K [0x0000000744400000, 0x0000000800000000)
  region size 2048K, 0 young (0K), 0 survivors (0K)
 Metaspace       used 0K, committed 0K, reserved 0K
  class space    used 0K, committed 0K, reserved 0K

Heap Regions: E=young(eden), S=young(survivor), O=old, HS=humongous(starts), HC=humongous(continues), CS=collection set, F=free, OA=open archive, CA=closed archive, TAMS=top-at-mark-start (previous, next)

Card table byte_map: [0x0000015a29220000,0x0000015a29800000] _byte_map_base: 0x0000015a257fe000

Marking Bits (Prev, Next): (CMBitMap*) 0x0000015a16497a30, (CMBitMap*) 0x0000015a16497a70
 Prev Bits: [0x0000015a29de0000, 0x0000015a2ccd0000)
 Next Bits: [0x0000015a2ccd0000, 0x0000015a2fbc0000)

GC Heap History (0 events):
No events

Dll operation events (1 events):
Event: 0.009 Loaded shared library D:\Program Files\AndroidStudio\jbr\bin\java.dll

Deoptimization events (0 events):
No events

Classes unloaded (0 events):
No events

Classes redefined (0 events):
No events

Internal exceptions (0 events):
No events

VM Operations (0 events):
No events

Events (0 events):
No events


Dynamic libraries:
0x00007ff6532a0000 - 0x00007ff6532aa000 	D:\Program Files\AndroidStudio\jbr\bin\java.exe
0x00007ffe1e730000 - 0x00007ffe1e946000 	C:\WINDOWS\SYSTEM32\ntdll.dll
0x00007ffe1e080000 - 0x00007ffe1e144000 	C:\WINDOWS\System32\KERNEL32.DLL
0x00007ffe1c010000 - 0x00007ffe1c3b7000 	C:\WINDOWS\System32\KERNELBASE.dll
0x00007ffe1bef0000 - 0x00007ffe1c001000 	C:\WINDOWS\System32\ucrtbase.dll
0x00007ffdea2b0000 - 0x00007ffdea2cb000 	D:\Program Files\AndroidStudio\jbr\bin\VCRUNTIME140.dll
0x00007ffdec560000 - 0x00007ffdec577000 	D:\Program Files\AndroidStudio\jbr\bin\jli.dll
0x00007ffe1e420000 - 0x00007ffe1e5ce000 	C:\WINDOWS\System32\USER32.dll
0x00007ffe1c3c0000 - 0x00007ffe1c3e6000 	C:\WINDOWS\System32\win32u.dll
0x00007ffe00660000 - 0x00007ffe008f3000 	C:\WINDOWS\WinSxS\amd64_microsoft.windows.common-controls_6595b64144ccf1df_6.0.22621.3235_none_270f74e173860f98\COMCTL32.dll
0x00007ffe1e230000 - 0x00007ffe1e259000 	C:\WINDOWS\System32\GDI32.dll
0x00007ffe1d180000 - 0x00007ffe1d227000 	C:\WINDOWS\System32\msvcrt.dll
0x00007ffe1bd30000 - 0x00007ffe1be49000 	C:\WINDOWS\System32\gdi32full.dll
0x00007ffe1be50000 - 0x00007ffe1beea000 	C:\WINDOWS\System32\msvcp_win.dll
0x00007ffe1e150000 - 0x00007ffe1e181000 	C:\WINDOWS\System32\IMM32.DLL
0x00007ffe0e000000 - 0x00007ffe0e00c000 	D:\Program Files\AndroidStudio\jbr\bin\vcruntime140_1.dll
0x00007ffde8c40000 - 0x00007ffde8ccd000 	D:\Program Files\AndroidStudio\jbr\bin\msvcp140.dll
0x00007ffd86100000 - 0x00007ffd86d83000 	D:\Program Files\AndroidStudio\jbr\bin\server\jvm.dll
0x00007ffe1d010000 - 0x00007ffe1d0c2000 	C:\WINDOWS\System32\ADVAPI32.dll
0x00007ffe1d440000 - 0x00007ffe1d4e8000 	C:\WINDOWS\System32\sechost.dll
0x00007ffe1ba50000 - 0x00007ffe1ba78000 	C:\WINDOWS\System32\bcrypt.dll
0x00007ffe1d230000 - 0x00007ffe1d345000 	C:\WINDOWS\System32\RPCRT4.dll
0x00007ffe1a8f0000 - 0x00007ffe1a93d000 	C:\WINDOWS\SYSTEM32\POWRPROF.dll
0x00007ffe0af70000 - 0x00007ffe0af79000 	C:\WINDOWS\SYSTEM32\WSOCK32.dll
0x00007ffe18890000 - 0x00007ffe188c4000 	C:\WINDOWS\SYSTEM32\WINMM.dll
0x00007ffe1c9f0000 - 0x00007ffe1ca61000 	C:\WINDOWS\System32\WS2_32.dll
0x00007ffe0d200000 - 0x00007ffe0d20a000 	C:\WINDOWS\SYSTEM32\VERSION.dll
0x00007ffe1a8d0000 - 0x00007ffe1a8e3000 	C:\WINDOWS\SYSTEM32\UMPDC.dll
0x00007ffe1ab80000 - 0x00007ffe1ab98000 	C:\WINDOWS\SYSTEM32\kernel.appcore.dll
0x00007ffe0af60000 - 0x00007ffe0af6a000 	D:\Program Files\AndroidStudio\jbr\bin\jimage.dll
0x00007ffe192f0000 - 0x00007ffe19523000 	C:\WINDOWS\SYSTEM32\DBGHELP.DLL
0x00007ffe1ca70000 - 0x00007ffe1cdf8000 	C:\WINDOWS\System32\combase.dll
0x00007ffe1de40000 - 0x00007ffe1df17000 	C:\WINDOWS\System32\OLEAUT32.dll
0x00007ffe18850000 - 0x00007ffe18882000 	C:\WINDOWS\SYSTEM32\dbgcore.DLL
0x00007ffe1ba80000 - 0x00007ffe1baf9000 	C:\WINDOWS\System32\bcryptPrimitives.dll
0x00007ffdfad40000 - 0x00007ffdfad65000 	D:\Program Files\AndroidStudio\jbr\bin\java.dll

dbghelp: loaded successfully - version: 4.0.5 - missing functions: none
symbol engine: initialized successfully - sym options: 0x614 - pdb path: .;D:\Program Files\AndroidStudio\jbr\bin;C:\WINDOWS\SYSTEM32;C:\WINDOWS\WinSxS\amd64_microsoft.windows.common-controls_6595b64144ccf1df_6.0.22621.3235_none_270f74e173860f98;D:\Program Files\AndroidStudio\jbr\bin\server

VM Arguments:
java_command: git4idea.http.GitAskPassApp Username for 'https://github.com': 
java_class_path (initial): D:/Program Files/AndroidStudio/plugins/vcs-git/lib/git4idea-rt.jar;D:/Program Files/AndroidStudio/lib/externalProcess-rt.jar
Launcher Type: SUN_STANDARD

[Global flags]
     intx CICompilerCount                          = 4                                         {product} {ergonomic}
     uint ConcGCThreads                            = 2                                         {product} {ergonomic}
     uint G1ConcRefinementThreads                  = 8                                         {product} {ergonomic}
   size_t G1HeapRegionSize                         = 2097152                                   {product} {ergonomic}
    uintx GCDrainStackTargetSize                   = 64                                        {product} {ergonomic}
   size_t InitialHeapSize                          = 197132288                                 {product} {ergonomic}
   size_t MarkStackSize                            = 4194304                                   {product} {ergonomic}
   size_t MaxHeapSize                              = 3149922304                                {product} {ergonomic}
   size_t MinHeapDeltaBytes                        = 2097152                                   {product} {ergonomic}
   size_t MinHeapSize                              = 8388608                                   {product} {ergonomic}
    uintx NonNMethodCodeHeapSize                   = 5839372                                {pd product} {ergonomic}
    uintx NonProfiledCodeHeapSize                  = 122909434                              {pd product} {ergonomic}
    uintx ProfiledCodeHeapSize                     = 122909434                              {pd product} {ergonomic}
    uintx ReservedCodeCacheSize                    = 251658240                              {pd product} {ergonomic}
     bool SegmentedCodeCache                       = true                                      {product} {ergonomic}
   size_t SoftMaxHeapSize                          = 3149922304                             {manageable} {ergonomic}
     bool UseCompressedClassPointers               = true                           {product lp64_product} {ergonomic}
     bool UseCompressedOops                        = true                           {product lp64_product} {ergonomic}
     bool UseG1GC                                  = true                                      {product} {ergonomic}
     bool UseLargePagesIndividualAllocation        = false                                  {pd product} {ergonomic}

Logging:
Log output configuration:
 #0: stdout all=warning uptime,level,tags
 #1: stderr all=off uptime,level,tags

Environment Variables:
JAVA_HOME=D:\user\Downloads\java
PATH=D:\Program Files\Git\Git\mingw64\libexec\git-core;D:\Program Files\Git\Git\mingw64\libexec\git-core;D:\Program Files\Git\Git\mingw64\bin;D:\Program Files\Git\Git\usr\bin;C:\Users\user\bin;D:\Users\VMWARE\bin;C:\Python311\Scripts;C:\Python311;C:\Program Files\Common Files\Oracle\Java\javapath;C:\Program Files (x86)\Common Files\Oracle\Java\java8path;C:\Program Files (x86)\Common Files\Oracle\Java\javapath;C:\Program Files\Eclipse Adoptium\jdk-17.0.6.10-hotspot\bin;C:\Windows\system32;C:\Windows;C:\Windows\System32\Wbem;C:\Windows\System32\WindowsPowerShell\v1.0;C:\Windows\System32\OpenSSH;C:\Program Files\NVIDIA Corporation\NVIDIA NvDLISR;C:\Program Files\dotnet;C:\Program Files (x86)\Kaspersky Lab\Endpoint Agent;C:\WINDOWS\system32;C:\WINDOWS;C:\WINDOWS\System32\Wbem;C:\WINDOWS\System32\WindowsPowerShell\v1.0;C:\WINDOWS\System32\OpenSSH;C:\Program Files (x86)\dotnet;C:\Program Files\Microsoft SQL Server\Client SDK\ODBC\170\Tools\Binn;C:\Program Files (x86)\Microsoft SQL Server\160\Tools\Binn;C:\Program Files\Microsoft SQL Server\160\Tools\Binn;C:\Program Files\Microsoft SQL Server\160\DTS\Binn;C:\Program Files\Azure Data Studio\bin;D:\Program Files\easyUML-main;C:\Program Files\Java\jdk-19;D:\Program Files\jdk11;D:\Program Files\jdk__11;D:\Program Files\jdk8_;D:\Program Files\Jdk8;C:\ProgramData\chocolatey\bin;D:\Program Files\Git\Git\cmd;C:\WINDOWS\system32;C:\WINDOWS;C:\WINDOWS\System32\Wbem;C:\WINDOWS\System32\WindowsPowerShell\v1.0;C:\WINDOWS\System32\OpenSSH;D:\user\Downloads\java\bin;C:\Program Files\nodejs;C:\Users\user\AppData\Local\Microsoft\WindowsApps;C:\MinGW\bin;C:\Users\user\.dotnet\tools;C:\Users\user\AppData\Local\Programs\Microsoft VS Code\bin;C:\Program Files\Azure Data Studio\bin;D:\Program Files\IntelliJ IDEA Community Edition 2022.3.2\bin;D:\user\Downloads\apache-maven-3.9.6-bin;D:\user\Downloads\apache-maven-3.9.6-bin;D:\Program Files\jdk__11;D:\Program Files\Jdk8;D:\user\Downloads\java\bin.;C:\Users\user\AppData\Roaming\npm
USERNAME=user
DISPLAY=:0.0
LC_ALL=en_US.UTF-8
TERM=xterm-256color
TMPDIR=C:\Users\user\AppData\Local\Temp
OS=Windows_NT
PROCESSOR_IDENTIFIER=Intel64 Family 6 Model 140 Stepping 1, GenuineIntel
TMP=C:\Users\user\AppData\Local\Temp
TEMP=C:\Users\user\AppData\Local\Temp



Periodic native trim disabled

JNI global refs:
JNI global refs: 0, weak refs: 0

JNI global refs memory usage: 0, weak refs: 0

OOME stack traces (most recent first):
Classloader memory used:


---------------  S Y S T E M  ---------------

OS:
 Windows 11 , 64 bit Build 22621 (10.0.22621.3374)
OS uptime: 3 days 3:03 hours

CPU: total 8 (initial active 8) (4 cores per cpu, 2 threads per core) family 6 model 140 stepping 1 microcode 0xb4, cx8, cmov, fxsr, ht, mmx, 3dnowpref, sse, sse2, sse3, ssse3, sse4.1, sse4.2, popcnt, lzcnt, tsc, tscinvbit, avx, avx2, aes, erms, clmul, bmi1, bmi2, adx, avx512f, avx512dq, avx512cd, avx512bw, avx512vl, sha, fma, vzeroupper, avx512_vpopcntdq, avx512_vpclmulqdq, avx512_vaes, avx512_vnni, clflush, clflushopt, clwb, avx512_vbmi2, avx512_vbmi
Processor Information for all 8 processors :
  Max Mhz: 1690, Current Mhz: 1690, Mhz Limit: 1690

Memory: 4k page, system-wide physical 12010M (1153M free)
TotalPageFile size 18970M (AvailPageFile size 181M)
current process WorkingSet (physical memory assigned to process): 11M, peak: 11M
current process commit charge ("private bytes"): 60M, peak: 248M

vm_info: OpenJDK 64-Bit Server VM (17.0.9+0--11185874) for windows-amd64 JRE (17.0.9+0--11185874), built on Dec  6 2023 18:57:44 by "androidbuild" with MS VC++ 16.10 / 16.11 (VS2019)

END.
